<?xml version="1.0" encoding="UTF-8"?>
<!-- Generated by org.testng.reporters.JUnitReportReporter -->
<testsuite hostname="Avinex59" failures="0" tests="2" name="Lecture9.Parallel_Test_Paramertrize" time="0.006" errors="0" timestamp="18 Jun 2025 05:34:27 GMT" skipped="0">
  <testcase classname="Lecture9.Parallel_Test_Paramertrize" name="launchBrowser" time="0.000"/>
  <testcase classname="Lecture9.Parallel_Test_Paramertrize" name="launchBrowser" time="0.006"/>
</testsuite> <!-- Lecture9.Parallel_Test_Paramertrize -->
