<?xml version="1.0" encoding="UTF-8"?>
<!-- Generated by org.testng.reporters.JUnitReportReporter -->
<testsuite hostname="Avinex59" failures="0" tests="2" name="Lecture8.TestNG_TestCase1" time="0.003" errors="0" timestamp="08 Apr 2025 07:59:54 GMT" skipped="0">
  <testcase classname="Lecture8.TestNG_TestCase1" name="UserRegistration" time="0.003"/>
  <testcase classname="Lecture8.TestNG_TestCase1" name="doLogin" time="0.000"/>
</testsuite> <!-- Lecture8.TestNG_TestCase1 -->
