<?xml version="1.0" encoding="UTF-8"?>
<!-- Generated by org.testng.reporters.JUnitReportReporter -->
<testsuite hostname="LAPTOP-TUN1U03P" failures="0" tests="3" name="testcases.AddCustomerTest" time="19.048" errors="0" timestamp="10 Jul 2022 16:13:12 GMT" skipped="0">
  <testcase classname="testcases.AddCustomerTest" name="addCustomer" time="6.621"/>
  <testcase classname="testcases.AddCustomerTest" name="addCustomer" time="6.186"/>
  <testcase classname="testcases.AddCustomerTest" name="addCustomer" time="6.241"/>
</testsuite> <!-- testcases.AddCustomerTest -->
