<?xml version="1.0" encoding="UTF-8"?>
<!-- Generated by org.testng.reporters.JUnitReportReporter -->
<testsuite hostname="LAPTOP-TUN1U03P" failures="0" tests="1" name="testcases.BankManagerLoginTest" time="0.545" errors="0" timestamp="10 Jul 2022 16:13:12 GMT" skipped="0">
  <testcase classname="testcases.BankManagerLoginTest" name="loginAsBankManager" time="0.545"/>
</testsuite> <!-- testcases.BankManagerLoginTest -->
