<?xml version="1.0" encoding="UTF-8"?>
<!-- Generated by org.testng.reporters.JUnitReportReporter -->
<testsuite hostname="Avinex59" failures="0" tests="1" name="TestNG_Practice.Search_Ebay" time="8.310" errors="0" timestamp="17 Jun 2025 10:03:01 GMT">
  <testcase classname="TestNG_Practice.Search_Ebay" name="search" time="8.310"/>
</testsuite> <!-- TestNG_Practice.Search_Ebay -->
