<?xml version="1.0" encoding="UTF-8"?>
<!-- Generated by org.testng.reporters.JUnitReportReporter -->
<testsuite hostname="Avinex59" failures="0" tests="2" name="Test1.TestNG_Testcase1" time="0.003" errors="0" timestamp="17 Jun 2025 12:43:36 GMT" skipped="0">
  <testcase classname="Test1.TestNG_Testcase1" name="user_registration" time="0.003"/>
  <testcase classname="Test1.TestNG_Testcase1" name="dologin" time="0.000"/>
</testsuite> <!-- Test1.TestNG_Testcase1 -->
