<?xml version="1.0" encoding="UTF-8"?>
<!-- Generated by org.testng.reporters.JUnitReportReporter -->
<testsuite hostname="Avinex59" failures="0" tests="1" name="CatCheck.DHT_WorkFlow" time="38.803" errors="0" timestamp="26 Jun 2025 12:50:07 GMT" skipped="0">
  <testcase classname="CatCheck.DHT_WorkFlow" name="CreateCycle" time="38.803"/>
</testsuite> <!-- CatCheck.DHT_WorkFlow -->
