<?xml version="1.0" encoding="UTF-8"?>
<!-- Generated by org.testng.reporters.JUnitReportReporter -->
<testsuite hostname="Avinex59" failures="0" tests="1" name="Test1.ReverseLastWord" time="12.325" errors="0" timestamp="17 Jun 2025 10:43:10 GMT" skipped="0">
  <testcase classname="Test1.ReverseLastWord" name="LastRev" time="12.325"/>
</testsuite> <!-- Test1.ReverseLastWord -->
