<?xml version="1.0" encoding="UTF-8"?>
<!-- Generated by org.testng.reporters.JUnitReportReporter -->
<testsuite hostname="Avinex59" failures="0" tests="1" name="Test1.EbayTest" time="5.897" errors="0" timestamp="17 Jun 2025 10:04:06 GMT" skipped="0">
  <testcase classname="Test1.EbayTest" name="search" time="5.897"/>
</testsuite> <!-- Test1.EbayTest -->
