<?xml version="1.0" encoding="UTF-8"?>
<!-- Generated by org.testng.reporters.JUnitReportReporter -->
<testsuite hostname="Avinex59" failures="0" tests="1" name="CatCheck.DHT_WorkFlow_Extentreport" time="29.475" errors="0" timestamp="10 Jul 2025 13:19:35 GMT" skipped="0">
  <testcase classname="CatCheck.DHT_WorkFlow_Extentreport" name="Workflow" time="29.475"/>
</testsuite> <!-- CatCheck.DHT_WorkFlow_Extentreport -->
